<?xml version="1.0" encoding="UTF-8"?>
<testsuites name="GutTests" failures="4" tests="10" >
  <testsuite name="tests/unit/test_task4_battle.gd" tests="10" failures="7" skipped="0" time="0.002568" >
      <testcase name="test_battle_manager_initialization" assertions="5" status="pass" classname="tests/unit/test_task4_battle.gd" time="0.000298" >
      </testcase>
      <testcase name="test_home_health_system" assertions="4" status="fail" classname="tests/unit/test_task4_battle.gd" time="0.000313" >
      <failure message="failed"><![CDATA[[0.0] expected to equal [10.0]:  信号应触发
            at line 56]]></failure></testcase>
      <testcase name="test_gold_reward_system" assertions="6" status="fail" classname="tests/unit/test_task4_battle.gd" time="0.000416" >
      <failure message="failed"><![CDATA[[0] expected to equal [5]:  信号应触发
            at line 96]]></failure></testcase>
      <testcase name="test_battle_state_transitions" assertions="5" status="fail" classname="tests/unit/test_task4_battle.gd" time="0.00026" >
      <failure message="failed"><![CDATA[battle_ended 信号应触发
            at line 135]]></failure></testcase>
      <testcase name="test_defeat_condition" assertions="3" status="fail" classname="tests/unit/test_task4_battle.gd" time="0.000221" >
      <failure message="failed"><![CDATA[battle_ended 信号应触发
            at line 162]]></failure></testcase>
      <testcase name="test_tower_data_validation" assertions="5" status="pass" classname="tests/unit/test_task4_battle.gd" time="0.000208" >
      </testcase>
      <testcase name="test_enemy_data_validation" assertions="6" status="pass" classname="tests/unit/test_task4_battle.gd" time="0.000218" >
      </testcase>
      <testcase name="test_home_health_percent" assertions="3" status="pass" classname="tests/unit/test_task4_battle.gd" time="0.000162" >
      </testcase>
      <testcase name="test_wave_completion" assertions="3" status="pass" classname="tests/unit/test_task4_battle.gd" time="0.000127" >
      </testcase>
      <testcase name="test_vertical_slice_full_flow" assertions="8" status="pass" classname="tests/unit/test_task4_battle.gd" time="0.000345" >
      </testcase>
  </testsuite>
</testsuites>