<?xml version="1.0" encoding="UTF-8"?>
<testsuites name="GutTests" failures="0" tests="10" >
  <testsuite name="tests/unit/test_task4_battle.gd" tests="10" failures="0" skipped="0" time="0.0034" >
      <testcase name="test_battle_manager_initialization" assertions="5" status="pass" classname="tests/unit/test_task4_battle.gd" time="0.000392" >
      </testcase>
      <testcase name="test_home_health_system" assertions="4" status="pass" classname="tests/unit/test_task4_battle.gd" time="0.000423" >
      </testcase>
      <testcase name="test_gold_reward_system" assertions="6" status="pass" classname="tests/unit/test_task4_battle.gd" time="0.000439" >
      </testcase>
      <testcase name="test_battle_state_transitions" assertions="3" status="pass" classname="tests/unit/test_task4_battle.gd" time="0.000316" >
      </testcase>
      <testcase name="test_defeat_condition" assertions="2" status="pass" classname="tests/unit/test_task4_battle.gd" time="0.000352" >
      </testcase>
      <testcase name="test_tower_data_validation" assertions="5" status="pass" classname="tests/unit/test_task4_battle.gd" time="0.000291" >
      </testcase>
      <testcase name="test_enemy_data_validation" assertions="6" status="pass" classname="tests/unit/test_task4_battle.gd" time="0.00029" >
      </testcase>
      <testcase name="test_home_health_percent" assertions="3" status="pass" classname="tests/unit/test_task4_battle.gd" time="0.000257" >
      </testcase>
      <testcase name="test_wave_completion" assertions="3" status="pass" classname="tests/unit/test_task4_battle.gd" time="0.000214" >
      </testcase>
      <testcase name="test_vertical_slice_full_flow" assertions="8" status="pass" classname="tests/unit/test_task4_battle.gd" time="0.000426" >
      </testcase>
  </testsuite>
</testsuites>